<?xml version="1.0" encoding="UTF-8"?>
<coverage generated="1565740066002" clover="3.2.0">
  <project timestamp="1565740066002" name="All files">
    <metrics statements="8" coveredstatements="8" conditionals="0" coveredconditionals="0" methods="9" coveredmethods="7" elements="17" coveredelements="15" complexity="0" loc="8" ncloc="8" packages="1" files="1" classes="1"/>
    <file name="validator.js" path="/Users/evan/codefellows/401/labs/Lab-2-classes/lab/starter-code/validator/validator.js">
      <metrics statements="8" coveredstatements="8" conditionals="0" coveredconditionals="0" methods="9" coveredmethods="7"/>
      <line num="6" count="1" type="stmt"/>
      <line num="10" count="6" type="stmt"/>
      <line num="14" count="2" type="stmt"/>
      <line num="17" count="2" type="stmt"/>
      <line num="21" count="2" type="stmt"/>
      <line num="25" count="2" type="stmt"/>
      <line num="29" count="2" type="stmt"/>
      <line num="41" count="1" type="stmt"/>
    </file>
  </project>
</coverage>
