TN:
SF:/Users/evan/codefellows/401/labs/Lab-2-classes/lab/starter-code/validator/validator.js
FN:5,(anonymous_0)
FN:9,(anonymous_1)
FN:13,(anonymous_2)
FN:16,(anonymous_3)
FN:20,(anonymous_4)
FN:24,(anonymous_5)
FN:28,(anonymous_6)
FN:32,(anonymous_7)
FN:37,(anonymous_8)
FNF:9
FNH:7
FNDA:1,(anonymous_0)
FNDA:6,(anonymous_1)
FNDA:2,(anonymous_2)
FNDA:2,(anonymous_3)
FNDA:2,(anonymous_4)
FNDA:2,(anonymous_5)
FNDA:2,(anonymous_6)
FNDA:0,(anonymous_7)
FNDA:0,(anonymous_8)
DA:6,1
DA:10,6
DA:14,2
DA:17,2
DA:21,2
DA:25,2
DA:29,2
DA:41,1
LF:8
LH:8
BRF:0
BRH:0
end_of_record
